{
    "question": "16．编写程序，在屏幕上输出一行文字：“Hello World！”。（20分）",
    "RightCode": "#include<stdio.h>\nint main(){\n    printf(\"Hello World!\\n\");\n    return 0;\n}",
    "testDataFileUse": {
        "data1": "测试程序是否能正确输出'Hello World!'，无输入，输出应为'Hello World!'"
    }
}
{
    "data1": {
        "1.out": "Hello World!\nHello World!\nHello World!\nHello World!\nHello World!\nHello World!\nHello World!\nHello World!\nHello World!\nHello World!\nHello World!\nHello World!\nHello World!\nHello World!\nHello World!\nHello World!\nHello World!\nHello World!\nHello World!\nHello World!\nHello World!\nHello World!\nHello World!\nHello World!\nHello World!\nHello World!\nHello World!\nHello World!\nHello World!\nHello World!\nHello World!\nHello World!\nHello World!\nHello World!\nHello World!\nHello World!\nHello World!\nHello World!\nHello World!\nHello World!\nHello World!\nHello World!\nHello World!\nHello World!\nHello World!\nHello World!\nHello World!\nHello World!\nHello World!\nHello World!\nHello World!\nHello World!\nHello World!\nHello World!\nHello World!\nHello World!\nHello World!\nHello World!\nHello World!\nHello World!\nHello World!\nHello World!\nHello World!\nHello World!\nHello World!\nHello World!\nHello World!\nHello World!\nHello World!\nHello World!\nHello World!\nHello World!\nHello World!\nHello World!\nHello World!\nHello World!\nHello World!\nHello World!\nHello World!\nHello World!\nHello World!\nHello World!\nHello World!\nHello World!\nHello World!\nHello World!\nHello World!\nHello World!\nHello World!\nHello World!\nHello World!\nHello World!\nHello World!\nHello World!\nHello World!\nHello World!\nHello World!\nHello World!\nHello World!\nHello World!\nHello World!\nHello World!\nHello World!\nHello World!\nHello World!\nHello World!\nHello World!\nHello World!\nHello World!\nHello World!\nHello World!\nHello World!\nHello World!\nHello World!\nHello World!\nHello World!\nHello World!\nHello World!\nHello World!\nHello World!\nHello World!\nHello World!\nHello World!\nHello World!\nHello World!\nHello World!\nHello World!\nHello World!\nHello World!\nHello World!\nHello World!\nHello World!\nHello World!\nHello World!\nHello World!\nHello World!\nHello World!\nHello World!\nHello World!\nHello World!\nHello World!\nHello World!\nHello World!\nHello World!\nHello World!\nHello World!\nHello World!\nHello World!\nHello World!\nHello World!\nHello World!\nHello World!\nHello World!\nHello World!\nHello World!\nHello World!\nHello World!\nHello World!\nHello World!\nHello World!\nHello World!\nHello World!\nHello World!\nHello World!\nHello World!\nHello World!\nHello World!\nHello World!\nHello World!\nHello World!\nHello World!\nHello World!\nHello World!\nHello World!\nHello World!\nHello World!\nHello World!\nHello World!\nHello World!\nHello World!\nHello World!\nHello World!\nHello World!\nHello World!\nHello World!\nHello World!\nHello World!\nHello World!\nHello World!\nHello World!\nHello World!\nHello World!\nHello World!\nHello World!\nHello World!\nHello World!\nHello World!\nHello World!\nHello World!\nHello World!\nHello World!\nHello World!\nHello World!\nHello World!\nHello World!\nHello World!\nHello World!\nHello World!\nHello World!\nHello World!\nHello World!\nHello World!\nHello World!\nHello World!\nHello World!\nHello World!\nHello World!\nHello World!\nHello World!\nHello World!\nHello World!\nHello World!\nHello World!\nHello World!\nHello World!\nHello World!\nHello World!\nHello World!\nHello World!\nHello World!\nHello World!\nHello World!\nHello World!\nHello World!\nHello World!\nHello World!\nHello World!\nHello World!\nHello World!\nHello World!\nHello World!\nHello World!\nHello World!\nHello World!\nHello World!\nHello World!\nHello World!\nHello World!\nHello World!\nHello World!\nHello World!\nHello World!\nHello World!\nHello World!\nHello World!\nHello World!\nHello World!\nHello World!\nHello World!\nHello World!\nHello World!\nHello World!\nHello World!\nHello World!\nHello World!\nHello World!\nHello World!\nHello World!\nHello World!\nHello World!\nHello World!\nHello World!\nHello World!\nHello World!\nHello World!\nHello World!\nHello World!\nHello World!\nHello World!\nHello World!\nHello World!\nHello World!\nHello World!\nHello World!\nHello World!\nHello World!\nHello World!\nHello World!\nHello World!\nHello World!\nHello World!\nHello World!\nHello World!\nHello World!\nHello World!\nHello World!\nHello World!\nHello World!\nHello World!\nHello World!\nHello World!\nHello World!\nHello World!\nHello World!\nHello World!\nHello World!\nHello World!\nHello World!\nHello World!\nHello World!\nHello World!\nHello World!\nHello World!\nHello World!\nHello World!\nHello World!\nHello World!\nHello World!\nHello World!\nHello World!\nHello World!\nHello World!\nHello World!\nHello World!\nHello World!\nHello World!\nHello World!\nHello World!\nHello World!\nHello World!\nHello World!\nHello World!\nHello World!\nHello World!\nHello World!\nHello World!\nHello World!\nHello World!\nHello World!\nHello World!\nHello World!\nHello World!\nHello World!\nHello World!\nHello World!\nHello World!\nHello World!\nHello World!\nHello World!\nHello World!\nHello World!\nHello World!\nHello World!\nHello World!\nHello World!\nHello World!\nHello World!\nHello World!\nHello World!\nHello World!\nHello World!\nHello World!\nHello World!\nHello World!\nHello World!\nHello World!\nHello World!\nHello World!\nHello World!\nHello World!\nHello World!\nHello World!\nHello World!\nHello World!\nHello World!\nHello World!\nHello World!\nHello World!\nHello World!\nHello World!\nHello World!\nHello World!\nHello World!\nHello World!\nHello World!\nHello World!\nHello World!\nHello World!\nHello World!\nHello World!\nHello World!\nHello World!\nHello World!\nHello World!\nHello World!\nHello World!\nHello World!\nHello World!\nHello World!\nHello World!\nHello World!\nHello World!\nHello World!\nHello World!\nHello World!\nHello World!\nHello World!\nHello World!\nHello World!\nHello World!\nHello World!\nHello World!\nHello World!\nHello World!\nHello World!\nHello World!\nHello World!\nHello World!\nHello World!\nHello World!\nHello World!\nHello World!\nHello World!\nHello World!\nHello World!\nHello World!\nHello World!\nHello World!\nHello World!\nHello World!\nHello World!\nHello World!\nHello World!\nHello World!\nHello World!\nHello World!\nHello World!\nHello World!\nHello World!\nHello World!\nHello World!\nHello World!\nHello World!\nHello World!\nHello World!\nHello World!\nHello World!\nHello World!\nHello World!\nHello World!\nHello World!\nHello World!\nHello World!\nHello World!\nHello World!\nHello World!\nHello World!\nHello World!\nHello World!\nHello World!\nHello World!\nHello World!\nHello World!\nHello World!\nHello World!\nHello World!\nHello World!\nHello World!\nHello World!\nHello World!\nHello World!\nHello World!\nHello World!\nHello World!\nHello World!\nHello World!\nHello World!\nHello World!\nHello World!\nHello World!\nHello World!\nHello World!\nHello World!\nHello World!\nHello World!\nHello World!\nHello World!\nHello World!\nHello World!\nHello World!\nHello World!\nHello World!\nHello World!\nHello World!\nHello World!\nHello World!\nHello World!\nHello World!\nHello World!\nHello World!\nHello World!\nHello World!\nHello World!\nHello World!\nHello World!\nHello World!\nHello World!\nHello World!\nHello World!\nHello World!\nHello World!\nHello World!\nHello World!\nHello World!\nHello World!\nHello World!\nHello World!\nHello World!\nHello World!\nHello World!\nHello World!\nHello World!\nHello World!\nHello World!\nHello World!\nHello World!\nHello World!\nHello World!\nHello World!\nHello World!\nHello World!\nHello World!\nHello World!\nHello World!\nHello World!\nHello World!\nHello World!\nHello World!\nHello World!\nHello World!\nHello World!\nHello World!\nHello World!\nHello World!\nHello World!\nHello World!\nHello World!\nHello World!\nHello World!\nHello World!\nHello World!\nHello World!\nHello World!\nHello World!\nHello World!\nHello World!\nHello World!\nHello World!\nHello World!\nHello World!\nHello World!\nHello World!\nHello World!\nHello World!\nHello World!\nHello World!\nHello World!\nHello World!\nHello World!\nHello World!\nHello World!\nHello World!\nHello World!\nHello World!\nHello World!\nHello World!\nHello World!\nHello World!\nHello World!\nHello World!\nHello World!\nHello World!\nHello World!\nHello World!\nHello World!\nHello World!\nHello World!\nHello World!\nHello World!\nHello World!\nHello World!\nHello World!\nHello World!\nHello World!\nHello World!\nHello World!\nHello World!\nHello World!\nHello World!\nHello World!\nHello World!\nHello World!\nHello World!\nHello World!\nHello World!\nHello World!\nHello World!\nHello World!\nHello World!\nHello World!\nHello World!\nHello World!\nHello World!\nHello World!\nHello World!\nHello World!\nHello World!\nHello World!\nHello World!\nHello World!\nHello World!\nHello World!\nHello World!\nHello World!\nHello World!\nHello World!\nHello World!\nHello World!\nHello World!\nHello World!\nHello World!\nHello World!\nHello World!\nHello World!\nHello World!\nHello World!\nHello World!\nHello World!\nHello World!\nHello World!\nHello World!\nHello World!\nHello World!\nHello World!\nHello World!\nHello World!\nHello World!\nHello World!\nHello World!\nHello World!\nHello World!\nHello World!\nHello World!\nHello World!\nHello World!\nHello World!\nHello World!\nHello World!\nHello World!\nHello World!\nHello World!\nHello World!\nHello World!\nHello World!\nHello World!\nHello World!\nHello World!\nHello World!\nHello World!\nHello World!\nHello World!\nHello World!\nHello World!\nHello World!\nHello World!\nHello World!\nHello World!\nHello World!\nHello World!\nHello World!\nHello World!\nHello World!\nHello World!\nHello World!\nHello World!\nHello World!\nHello World!\nHello World!\nHello World!\nHello World!\nHello World!\nHello World!\nHello World!\nHello World!\nHello World!\nHello World!\nHello World!\nHello World!\nHello World!\nHello World!\nHello World!\nHello World!\nHello World!\nHello World!\nHello World!\nHello World!\nHello World!\nHello World!\nHello World!\nHello World!\nHello World!\nHello World!\nHello World!\nHello World!\nHello World!\nHello World!\nHello World!\nHello World!\nHello World!\nHello World!\nHello World!\nHello World!\nHello World!\nHello World!\nHello World!\nHello World!\nHello World!\nHello World!\nHello World!\nHello World!\nHello World!\nHello World!\nHello World!\nHello World!\nHello World!\nHello World!\nHello World!\nHello World!\nHello World!\nHello World!\nHello World!\nHello World!\nHello World!\nHello World!\nHello World!\nHello World!\nHello World!\nHello World!\nHello World!\nHello World!\nHello World!\nHello World!\nHello World!\nHello World!\nHello World!\nHello World!\nHello World!\nHello World!\nHello World!\nHello World!\nHello World!\nHello World!\nHello World!\nHello World!\nHello World!\nHello World!\nHello World!\nHello World!\nHello World!\nHello World!\nHello World!\nHello World!\nHello World!\nHello World!\nHello World!\nHello World!\nHello World!\nHello World!\nHello World!\nHello World!\nHello World!\nHello World!\nHello World!\nHello World!\nHello World!\nHello World!\nHello World!\nHello World!\nHello World!\nHello World!\nHello World!\nHello World!\nHello World!\nHello World!\nHello World!\nHello World!\nHello World!\nHello World!\nHello World!\nHello World!\nHello World!\nHello World!\nHello World!\nHello World!\nHello World!\nHello World!\nHello World!\nHello World!\nHello World!\nHello World!\nHello World!\nHello World!\nHello World!\nHello World!\nHello World!\nHello World!\nHello World!\nHello World!\nHello World!\nHello World!\nHello World!\nHello World!\nHello World!\nHello World!\nHello World!\nHello World!\nHello World!\nHello World!\nHello World!\nHello World!\nHello World!\nHello World!\nHello World!\nHello World!\nHello World!\nHello World!\nHello World!\nHello World!\nHello World!\nHello World!\nHello World!\nHello World!\nHello World!\nHello World!\nHello World!\nHello World!\nHello World!\nHello World!\nHello World!\nHello World!\nHello World!\nHello World!\nHello World!\nHello World!\nHello World!\nHello World!\nHello World!\nHello World!\nHello World!\nHello World!\nHello World!\nHello World!\nHello World!\nHello World!\nHello World!\nHello World!\nHello World!\nHello World!\nHello World!\nHello World!\nHello World!\nHello World!\nHello World!\nHello World!\nHello World!\nHello World!\nHello World!\nHello World!\nHello World!\nHello World!\nHello World!\nHello World!\nHello World!\nHello World!\nHello World!\nHello World!\nHello World!\nHello World!\nHello World!\nHello World!\nHello World!\nHello World!\nHello World!\nHello World!\nHello World!\nHello World!\nHello World!\nHello World!\nHello World!\nHello World!\nHello World!\nHello World!\nHello World!\nHello World!\nHello World!\nHello World!\nHello World!\nHello World!\nHello World!\nHello World!\nHello World!\nHello World!\nHello World!\nHello World!\nHello World!\nHello World!\nHello World!\nHello World!\nHello World!\nHello World!\nHello World!\nHello World!\nHello World!\nHello World!\nHello World!\nHello World!\nHello World!\nHello World!\nHello World!\nHello World!\nHello World!\nHello World!\nHello World!\nHello World!\nHello World!\nHello World!\nHello World!\nHello World!\nHello World!\nHello World!\nHello World!\nHello World!\nHello World!\nHello World!\nHello World!\nHello World!\nHello World!\nHello World!\nHello World!\nHello World!\nHello World!\nHello World!\nHello World!\nHello World!\nHello World!\nHello World!\nHello World!\nHello World!\nHello World!\nHello World!\nHello World!\nHello World!\nHello World!\nHello World!\nHello World!\nHello World!\nHello World!\nHello World!\nHello World!\nHello World!\nHello World!\nHello World!\nHello World!\nHello World!\nHello World!\nHello World!\nHello World!\nHello World!\nHello World!\nHello World!\nHello World!\nHello World!\nHello World!\nHello World!\nHello World!\nHello World!\nHello World!\nHello World!\nHello World!\nHello World!\nHello World!\nHello World!\nHello World!\nHello World!\nHello World!\nHello World!\nHello World!\nHello World!\nHello World!\nHello World!\nHello World!\nHello World!\nHello World!\nHello World!\nHello World!\nHello World!\nHello World!\nHello World!\nHello World!\nHello World!\nHello World!\nHello World!\nHello World!\nHello World!\nHello World!\nHello World!\nHello World!\nHello World!\nHello Worl
Unterminated string starting at: line 3 column 18 (char 34)
18．编写程序，输入一个字符，判别它是否为大写字母，并输出结果。（‘A’对应的ASCII码为65）（20分）
{
    "question": "18．编写程序，输入一个字符，判别它是否为大写字母，并输出结果。（‘A’对应的ASCII码为65）（20分）",
    "content": {
        "problem": {
            "auth": 1,
            "author": "LingNc",
            "isRemote": false,
            "problemId": "C1018",
            "description": "编写一个程序，输入一个字符，判断该字符是否为大写字母。大写字母的ASCII码范围为 $65 \leq ASCII \leq 90$。",
            "source": "C程序设计A-机试题库",
            "title": "18.判断大写字母",
            "input": "输入一个字符。",
            "output": "如果输入的字符是大写字母，输出'Yes'，否则输出'No'。",
            "examples": "<input>A</input><output>Yes</output>",
            "difficulty": 0,
            "ioScore": 100,
            "codeShare": true,
            "hint": "$ 数据范围: \n 65 \leq ASCII \leq 90 $"
        },
        "judgeMode": "default",
        "samples": [
            {
                "input": "1.in",
                "output": "1.out",
                "score": 50
            },
            {
                "input": "2.in",
                "output": "2.out",
                "score": 20
            },
            {
                "input": "3.in",
                "output": "3.out",
                "score": 10
            },
            {
                "input": "4.in",
                "output": "4.out",
                "score": 10
            },
            {
                "input": "5.in",
                "output": "5.out",
                "score": 10
            }
        ],
        "tags": [
            "河工C语言上机题库A"
        ],
        "codeTemplates": []
    },
    "testDataFileUse": {
        "data1": "正常测试数据，输入大写字母A到Z，生成对应的输出",
        "data2": "测试程序兼容性，输入非大写字母，如小写字母或数字，生成对应的输出",
        "data3": "测试程序边界，输入边界值，如A和Z，生成对应的输出",
        "data4": "测试程序健壮性，输入特殊字符，如空格或标点符号，生成对应的输出",
        "data5": "测试程序健壮性，输入控制字符，如换行符或制表符，生成对应的输出"
    }
}
Invalid \escape: line 9 column 75 (char 308)
32．编写程序，输入一个百分制成绩，要求输出成绩等级‘A’、‘B’、‘C’、‘D’、‘E’。90~100分为‘A’，80~89分为‘B’、70~79分为‘C’、60~69分为‘D’、60分以下为‘E’。（20分）
{
    "question": "32．编写程序，输入一个百分制成绩，要求输出成绩等级‘A’、‘B’、‘C’、‘D’、‘E’。90~100分为‘A’，80~89分为‘B’、70~79分为‘C’、60~69分为‘D’、60分以下为‘E’。（20分）",
    "content": {
        "problem": {
            "auth": 1,
            "author": "LingNc",
            "isRemote": false,
            "problemId": "C1032",
            "description": "编写一个程序，根据输入的百分制成绩输出对应的等级。等级划分如下：\n - $90 \leq score \leq 100$ 输出 'A'\n - $80 \leq score < 90$ 输出 'B'\n - $70 \leq score < 80$ 输出 'C'\n - $60 \leq score < 70$ 输出 'D'\n - $score < 60$ 输出 'E'",
            "source": "C程序设计A-机试题库",
            "title": "32.百分制成绩转换为等级",
            "input": "一个整数，表示百分制成绩。",
            "output": "输出一个字符，表示成绩等级。",
            "examples": "<input>95</input><output>A</output>",
            "difficulty": 0,
            "ioScore": 100,
            "codeShare": true,
            "hint": "$ 数据范围: \n 0 \leq score \leq 100 $"
        },
        "judgeMode": "default",
        "samples": [
            {
                "input": "1.in",
                "output": "1.out",
                "score": 20
            },
            {
                "input": "2.in",
                "output": "2.out",
                "score": 20
            },
            {
                "input": "3.in",
                "output": "3.out",
                "score": 20
            },
            {
                "input": "4.in",
                "output": "4.out",
                "score": 20
            },
            {
                "input": "5.in",
                "output": "5.out",
                "score": 20
            }
        ],
        "tags": [
            "河工C语言上机题库A"
        ],
        "codeTemplates": []
    },
    "testDataFileUse": {
        "data1": "正常测试数据，覆盖所有等级，包括边界值如60, 70, 80, 90, 100。",
        "data2": "测试程序对边界值的处理，输入边界值如59, 60, 61, 89, 90, 91, 100, 101。",
        "data3": "测试程序对大数值的处理，输入大数值如1000。",
        "data4": "测试程序对负数值的处理，输入负数值如-10。",
        "data5": "测试程序对非整数输入的处理，输入非整数如34.5。"
    }
}
Invalid \escape: line 9 column 70 (char 355)
{
    "question": "43. 编写程序，输入一个大于或等于3的整数，判别它是否为素数。（20分）",
    "RightCode": "#include<stdio.h>\nint main(){\n    int num, i;\n    scanf(\"%d\", &num);\n    if(num < 2) {\n        printf(\"No\");\n        return 0;\n    }\n    for(i = 2; i * i <= num; i++) {\n        if(num % i == 0) {\n            printf(\"No\");\n            return 0;\n        }\n    }\n    printf(\"Yes\");\n    return 0;\n}",
    "testDataFileUse": {
        "data1": "正常测试数据，输入3到100之间的随机整数，生成多个测试数据，并生成对应的输出",
        "data2": "测试程序兼容性，输入101到1000之间的随机整数，生成多个测试数据，并生成对应的输出",
        "data3": "测试程序边界，输入边界值，如3, 4, 5, 1000, 2000，生成多个测试数据，并生成对应的输出",
        "data4": "测试程序健壮性，输入接近int上限的超大数字，例如2147483647，生成多个测试数据，并生成对应的输出",
        "data5": "测试程序特殊情况，输入小素数如5, 7, 11，以及非素数如6, 8, 9，生成多个测试数据，并生成对应的输出"
    }
}
{
    "data1": {
        "1.in": "3\n4\n5\n6\n7\n8\n9\n10\n11\n12\n13\n14\n15\n16\n17\n18\n19\n20\n21\n22\n23\n24\n25\n26\n27\n28\n29\n30\n31\n32\n33\n34\n35\n36\n37\n38\n39\n40\n41\n42\n43\n44\n45\n46\n47\n48\n49\n50\n51\n52\n53\n54\n55\n56\n57\n58\n59\n60\n61\n62\n63\n64\n65\n66\n67\n68\n69\n70\n71\n72\n73\n74\n75\n76\n77\n78\n79\n80\n81\n82\n83\n84\n85\n86\n87\n88\n89\n90\n91\n92\n93\n94\n95\n96\n97\n98\n99\n100",
        "1.out": "Yes\nNo\nYes\nNo\nYes\nNo\nNo\nNo\nYes\nNo\nYes\nNo\nNo\nNo\nYes\nNo\nYes\nNo\nNo\nNo\nYes\nNo\nNo\nNo\nNo\nNo\nYes\nNo\nYes\nNo\nNo\nNo\nNo\nNo\nYes\nNo\nNo\nNo\nYes\nNo\nNo\nNo\nYes\nNo\nNo\nNo\nYes\nNo\nNo\nNo\nYes\nNo\nNo\nNo\nYes\nNo\nNo\nNo\nYes\nNo\nNo\nNo\nYes\nNo\nNo\nNo\nYes\nNo\nNo\nNo\nYes\nNo\nNo\nNo\nYes\nNo\nNo\nNo\nYes\nNo\nNo\nNo\nYes\nNo\nNo\nNo\nYes\nNo\nNo\nNo\nYes\nNo\nNo\nNo\nYes\nNo\nNo\nNo\nYes\nNo\nNo\nNo\nYes\nNo\nNo\nNo\nYes\nNo\nNo\nNo\nYes\nNo\nNo\nNo\nYes\nNo\nNo\nNo\nYes\nNo\nNo\nNo\nYes\nNo\nNo\nNo\nYes\nNo\nNo\nNo\nYes\nNo\nNo\nNo\nYes\nNo\nNo\nNo\nYes\nNo\nNo\nNo\nYes\nNo\nNo\nNo\nYes\nNo\nNo\nNo\nYes\nNo\nNo\nNo\nYes\nNo\nNo\nNo\nYes\nNo\nNo\nNo\nYes\nNo\nNo\nNo\nYes\nNo\nNo\nNo\nYes\nNo\nNo\nNo\nYes\nNo\nNo\nNo\nYes\nNo\nNo\nNo\nYes\nNo\nNo\nNo\nYes\nNo\nNo\nNo\nYes\nNo\nNo\nNo\nYes\nNo\nNo\nNo\nYes\nNo\nNo\nNo\nYes\nNo\nNo\nNo\nYes\nNo\nNo\nNo\nYes\nNo\nNo\nNo\nYes\nNo\nNo\nNo\nYes\nNo\nNo\nNo\nYes\nNo\nNo\nNo\nYes\nNo\nNo\nNo\nYes\nNo\nNo\nNo\nYes\nNo\nNo\nNo\nYes\nNo\nNo\nNo\nYes\nNo\nNo\nNo\nYes\nNo\nNo\nNo\nYes\nNo\nNo\nNo\nYes\nNo\nNo\nNo\nYes\nNo\nNo\nNo\nYes\nNo\nNo\nNo\nYes\nNo\nNo\nNo\nYes\nNo\nNo\nNo\nYes\nNo\nNo\nNo\nYes\nNo\nNo\nNo\nYes\nNo\nNo\nNo\nYes\nNo\nNo\nNo\nYes\nNo\nNo\nNo\nYes\nNo\nNo\nNo\nYes\nNo\nNo\nNo\nYes\nNo\nNo\nNo\nYes\nNo\nNo\nNo\nYes\nNo\nNo\nNo\nYes\nNo\nNo\nNo\nYes\nNo\nNo\nNo\nYes\nNo\nNo\nNo\nYes\nNo\nNo\nNo\nYes\nNo\nNo\nNo\nYes\nNo\nNo\nNo\nYes\nNo\nNo\nNo\nYes\nNo\nNo\nNo\nYes\nNo\nNo\nNo\nYes\nNo\nNo\nNo\nYes\nNo\nNo\nNo\nYes\nNo\nNo\nNo\nYes\nNo\nNo\nNo\nYes\nNo\nNo\nNo\nYes\nNo\nNo\nNo\nYes\nNo\nNo\nNo\nYes\nNo\nNo\nNo\nYes\nNo\nNo\nNo\nYes\nNo\nNo\nNo\nYes\nNo\nNo\nNo\nYes\nNo\nNo\nNo\nYes\nNo\nNo\nNo\nYes\nNo\nNo\nNo\nYes\nNo\nNo\nNo\nYes\nNo\nNo\nNo\nYes\nNo\nNo\nNo\nYes\nNo\nNo\nNo\nYes\nNo\nNo\nNo\nYes\nNo\nNo\nNo\nYes\nNo\nNo\nNo\nYes\nNo\nNo\nNo\nYes\nNo\nNo\nNo\nYes\nNo\nNo\nNo\nYes\nNo\nNo\nNo\nYes\nNo\nNo\nNo\nYes\nNo\nNo\nNo\nYes\nNo\nNo\nNo\nYes\nNo\nNo\nNo\nYes\nNo\nNo\nNo\nYes\nNo\nNo\nNo\nYes\nNo\nNo\nNo\nYes\nNo\nNo\nNo\nYes\nNo\nNo\nNo\nYes\nNo\nNo\nNo\nYes\nNo\nNo\nNo\nYes\nNo\nNo\nNo\nYes\nNo\nNo\nNo\nYes\nNo\nNo\nNo\nYes\nNo\nNo\nNo\nYes\nNo\nNo\nNo\nYes\nNo\nNo\nNo\nYes\nNo\nNo\nNo\nYes\nNo\nNo\nNo\nYes\nNo\nNo\nNo\nYes\nNo\nNo\nNo\nYes\nNo\nNo\nNo\nYes\nNo\nNo\nNo\nYes\nNo\nNo\nNo\nYes\nNo\nNo\nNo\nYes\nNo\nNo\nNo\nYes\nNo\nNo\nNo\nYes\nNo\nNo\nNo\nYes\nNo\nNo\nNo\nYes\nNo\nNo\nNo\nYes\nNo\nNo\nNo\nYes\nNo\nNo\nNo\nYes\nNo\nNo\nNo\nYes\nNo\nNo\nNo\nYes\nNo\nNo\nNo\nYes\nNo\nNo\nNo\nYes\nNo\nNo\nNo\nYes\nNo\nNo\nNo\nYes\nNo\nNo\nNo\nYes\nNo\nNo\nNo\nYes\nNo\nNo\nNo\nYes\nNo\nNo\nNo\nYes\nNo\nNo\nNo\nYes\nNo\nNo\nNo\nYes\nNo\nNo\nNo\nYes\nNo\nNo\nNo\nYes\nNo\nNo\nNo\nYes\nNo\nNo\nNo\nYes\nNo\nNo\nNo\nYes\nNo\nNo\nNo\nYes\nNo\nNo\nNo\nYes\nNo\nNo\nNo\nYes\nNo\nNo\nNo\nYes\nNo\nNo\nNo\nYes\nNo\nNo\nNo\nYes\nNo\nNo\nNo\nYes\nNo\nNo\nNo\nYes\nNo\nNo\nNo\nYes\nNo\nNo\nNo\nYes\nNo\nNo\nNo\nYes\nNo\nNo\nNo\nYes\nNo\nNo\nNo\nYes\nNo\nNo\nNo\nYes\nNo\nNo\nNo\nYes\nNo\nNo\nNo\nYes\nNo\nNo\nNo\nYes\nNo\nNo\nNo\nYes\nNo\nNo\nNo\nYes\nNo\nNo\nNo\nYes\nNo\nNo\nNo\nYes\nNo\nNo\nNo\nYes\nNo\nNo\nNo\nYes\nNo\nNo\nNo\nYes\nNo\nNo\nNo\nYes\nNo\nNo\nNo\nYes\nNo\nNo\nNo\nYes\nNo\nNo\nNo\nYes\nNo\nNo\nNo\nYes\nNo\nNo\nNo\nYes\nNo\nNo\nNo\nYes\nNo\nNo\nNo\nYes\nNo\nNo\nNo\nYes\nNo\nNo\nNo\nYes\nNo\nNo\nNo\nYes\nNo\nNo\nNo\nYes\nNo\nNo\nNo\nYes\nNo\nNo\nNo\nYes\nNo\nNo\nNo\nYes\nNo\nNo\nNo\nYes\nNo\nNo\nNo\nYes\nNo\nNo\nNo\nYes\nNo\nNo\nNo\nYes\nNo\nNo\nNo\nYes\nNo\nNo\nNo\nYes\nNo\nNo\nNo\nYes\nNo\nNo\nNo\nYes\nNo\nNo\nNo\nYes\nNo\nNo\nNo\nYes\nNo\nNo\nNo\nYes\nNo\nNo\nNo\nYes\nNo\nNo\nNo\nYes\nNo\nNo\nNo\nYes\nNo\nNo\nNo\nYes\nNo\nNo\nNo\nYes\nNo\nNo\nNo\nYes\nNo\nNo\nNo\nYes\nNo\nNo\nNo\nYes\nNo\nNo\nNo\nYes\nNo\nNo\nNo\nYes\nNo\nNo\nNo\nYes\nNo\nNo\nNo\nYes\nNo\nNo\nNo\nYes\nNo\nNo\nNo\nYes\nNo\nNo\nNo\nYes\nNo\nNo\nNo\nYes\nNo\nNo\nNo\nYes\nNo\nNo\nNo\nYes\nNo\nNo\nNo\nYes\nNo\nNo\nNo\nYes\nNo\nNo\nNo\nYes\nNo\nNo\nNo\nYes\nNo\nNo\nNo\nYes\nNo\nNo\nNo\nYes\nNo\nNo\nNo\nYes\nNo\nNo\nNo\nYes\nNo\nNo\nNo\nYes\nNo\nNo\nNo\nYes\nNo\nNo\nNo\nYes\nNo\nNo\nNo\nYes\nNo\nNo\nNo\nYes\nNo\nNo\nNo\nYes\nNo\nNo\nNo\nYes\nNo\nNo\nNo\nYes\nNo\nNo\nNo\nYes\nNo\nNo\nNo\nYes\nNo\nNo\nNo\nYes\nNo\nNo\nNo\nYes\nNo\nNo\nNo\nYes\nNo\nNo\nNo\nYes\nNo\nNo\nNo\nYes\nNo\nNo\nNo\nYes\nNo\nNo\nNo\nYes\nNo\nNo\nNo\nYes\nNo\nNo\nNo\nYes\nNo\nNo\nNo\nYes\nNo\nNo\nNo\nYes\nNo\nNo\nNo\nYes\nNo\nNo\nNo\nYes\nNo\nNo\nNo\nYes\nNo\nNo\nNo\nYes\nNo\nNo\nNo\nYes\nNo\nNo\nNo\nYes\nNo\nNo\nNo\nYes\nNo\nNo\nNo\nYes\nNo\nNo\nNo\nYes\nNo\nNo\nNo\nYes\nNo\nNo\nNo\nYes\nNo\nNo\nNo\nYes\nNo\nNo\nNo\nYes\nNo\nNo\nNo\nYes\nNo\nNo\nNo\nYes\nNo\nNo\nNo\nYes\nNo\nNo\nNo\nYes\nNo\nNo\nNo\nYes\nNo\nNo\nNo\nYes\nNo\nNo\nNo\nYes\nNo\nNo\nNo\nYes\nNo\nNo\nNo\nYes\nNo\nNo\nNo\nYes\nNo\nNo\nNo\nYes\nNo\nNo\nNo\nYes\nNo\nNo\nNo\nYes\nNo\nNo\nNo\nYes\nNo\nNo\nNo\nYes\nNo\nNo\nNo\nYes\nNo\nNo\nNo\nYes\nNo\nNo\nNo\nYes\nNo\nNo\nNo\nYes\nNo\nNo\nNo\nYes\nNo\nNo\nNo\nYes\nNo\nNo\nNo\nYes\nNo\nNo\nNo\nYes\nNo\nNo\nNo\nYes\nNo\nNo\nNo\nYes\nNo\nNo\nNo\nYes\nNo\nNo\nNo\nYes\nNo\nNo\nNo\nYes\nNo\nNo\nNo\nYes\nNo\nNo\nNo\nYes\nNo\nNo\nNo\nYes\nNo\nNo\nNo\nYes\nNo\nNo\nNo\nYes\nNo\nNo\nNo\nYes\nNo\nNo\nNo\nYes\
Unterminated string starting at: line 4 column 18 (char 438)
{
    "question": "63. 编写程序，要求从用户输入的三个整数中找到最大值，并将该最大值输出。（20分）",
    "RightCode": "#include<stdio.h>\nint main(){\n    int a, b, c, max;\n    scanf(\"%d %d %d\", &a, &b, &c);\n    max = a > b ? (a > c ? a : c) : (b > c ? b : c);\n    printf(\"%d\", max);\n    return 0;\n}",
    "testDataFileUse": {
        "data1": "正常测试数据，输入三个随机整数，范围在-1000到1000之间，生成多个测试数据点，并生成对应的输出",
        "data2": "测试程序兼容性，输入三个负数，范围在-1000000到-1之间，生成多个测试数据点，并生成对应的输出",
        "data3": "测试程序边界，输入三个接近int上限的整数，例如2147483647, 2147483646, 2147483645，生成多个测试数据点，并生成对应的输出",
        "data4": "测试程序健壮性，输入三个接近int下限的整数，例如-2147483648, -2147483647, -2147483646，生成多个测试数据点，并生成对应的输出"
    }
}
{
    "data1": {
        "1.in": "-876 456 987\n-345 678 123\n567 -890 345\n123 456 -789\n-567 890 234\n345 -678 901\n789 123 -456\n-901 234 567\n234 -567 890\n678 901 -123",
        "1.out": "987\n678\n567\n456\n890\n901\n789\n901\n890\n901"
    },
    "data2": {
        "2.in": "-987654 -876543 -765432\n-654321 -543210 -432109\n-321098 -210976 -109875\n-98765 -87654 -76543\n-65432 -54321 -43210\n-32109 -21098 -10976\n-9875 -8764 -7653\n-6542 -5431 -4320\n-3209 -2108 -1097\n-986 -875 -764"
        "2.out": "-765432\n-432109\n-109875\n-65432\n-32109\n-10976\n-7653\n-4320\n-2108\n-764"
    },
    "data3": {
        "3.in": "2147483647 2147483646 2147483645\n2147483646 2147483645 2147483644\n2147483645 2147483644 2147483643\n2147483644 2147483643 2147483642\n2147483643 2147483642 2147483641\n2147483642 2147483641 2147483640\n2147483641 2147483640 2147483639\n2147483640 2147483639 2147483638\n2147483639 2147483638 2147483637\n2147483638 2147483637 2147483636",
        "3.out": "2147483647\n2147483646\n2147483645\n2147483644\n2147483643\n2147483642\n2147483641\n2147483640\n2147483639\n2147483638"
    },
    "data4": {
        "4.in": "-2147483648 -2147483647 -2147483646\n-2147483647 -2147483646 -2147483645\n-2147483646 -2147483645 -2147483644\n-2147483645 -2147483644 -2147483643\n-2147483644 -2147483643 -2147483642\n-2147483643 -2147483642 -2147483641\n-2147483642 -2147483641 -2147483640\n-2147483641 -2147483640 -2147483639\n-2147483640 -2147483639 -2147483638\n-2147483639 -2147483638 -2147483637",
        "4.out": "-2147483646\n-2147483645\n-2147483644\n-2147483643\n-2147483642\n-2147483641\n-2147483640\n-2147483639\n-2147483638\n-2147483637"
    }
}
Expecting ',' delimiter: line 8 column 9 (char 504)
18．编写程序，输入一个字符，判别它是否为大写字母，并输出结果。（‘A’对应的ASCII码为65）（20分）
{
    "question": "18．编写程序，输入一个字符，判别它是否为大写字母，并输出结果。（‘A’对应的ASCII码为65）（20分）",
    "content": {
        "problem": {
            "auth": 1,
            "author": "LingNc",
            "isRemote": false,
            "problemId": "C1018",
            "description": "编写一个程序，输入一个字符，判断该字符是否为大写字母。大写字母的ASCII码范围为 $65 \leq ASCII \leq 90$。",
            "source": "C程序设计A-机试题库",
            "title": "18.判断字符是否为大写字母",
            "input": "输入一个字符。",
            "output": "如果输入的字符是大写字母，输出'Yes'，否则输出'No'。",
            "examples": "<input>A</input><output>Yes</output>",
            "difficulty": 0,
            "ioScore": 100,
            "codeShare": true,
            "hint": "$ 数据范围: \n 65 \leq ASCII \leq 90 $"
        },
        "judgeMode": "default",
        "samples": [
            {
                "input": "1.in",
                "output": "1.out",
                "score": 50
            },
            {
                "input": "2.in",
                "output": "2.out",
                "score": 20
            },
            {
                "input": "3.in",
                "output": "3.out",
                "score": 10
            },
            {
                "input": "4.in",
                "output": "4.out",
                "score": 10
            },
            {
                "input": "5.in",
                "output": "5.out",
                "score": 10
            }
        ],
        "tags": [
            "河工C语言上机题库A"
        ],
        "codeTemplates": []
    },
    "testDataFileUse": {
        "data1": "正常测试数据，输入大写字母，如'A'到'Z'，生成多个测试数据，并生成对应的输出",
        "data2": "测试程序兼容性，输入非大写字母，如小写字母或数字，生成多个测试数据，生成对应的输出",
        "data3": "测试程序精度，输入特殊字符，如'@'或'#'，生成多个测试数据，生成对应的输出",
        "data4": "测试程序边界，输入边界值，如'A'，'Z'，生成多个测试数据，生成对应的输出",
        "data5": "测试程序健壮性，输入接近ASCII码边界的大写字母，如'Z'，生成多个测试数据，生成对应的输出"
    }
}
Invalid \escape: line 9 column 75 (char 308)
{
    "question": "43. 编写程序，输入一个大于或等于3的整数，判别它是否为素数。（20分）",
    "RightCode": "#include<stdio.h>\nint main(){\n    int num, i;\n    scanf(\"%d\", &num);\n    if(num < 2) {\n        printf(\"No\");\n        return 0;\n    }\n    for(i = 2; i * i <= num; i++) {\n        if(num % i == 0) {\n            printf(\"No\");\n            return 0;\n        }\n    }\n    printf(\"Yes\");\n    return 0;\n}",
    "testDataFileUse": {
        "data1": "正常测试数据，输入随机生成的3到1000之间的整数，测试素数判断的准确性。",
        "data2": "测试程序对大数的处理能力，输入接近int上限的大数，测试素数判断的准确性。",
        "data3": "测试程序对边界值的处理，输入3和4，测试素数判断的准确性。",
        "data4": "测试程序对特殊情况的处理，输入2的幂次方数，测试素数判断的准确性。"
    }
}
{
    "data1": {
        "1.in": "5\n13\n17\n29\n31\n41\n53\n61\n73\n89\n97\n101\n103\n107\n109\n113\n127\n131\n137\n139\n149\n151\n157\n163\n167\n173\n179\n181\n191\n193\n197\n199\n211\n223\n227\n229\n233\n239\n241\n251\n257\n263\n269\n271\n277\n281\n283\n293\n307\n311\n313\n317\n331\n337\n347\n349\n353\n359\n367\n373\n379\n383\n389\n397\n401\n409\n419\n421\n431\n433\n439\n443\n449\n457\n461\n463\n467\n479\n487\n491\n499\n503\n509\n521\n523\n541\n547\n557\n563\n569\n571\n577\n587\n593\n599\n601\n607\n613\n617\n619\n631\n641\n643\n647\n653\n659\n661\n673\n677\n683\n691\n701\n709\n719\n727\n733\n739\n743\n751\n757\n761\n769\n773\n787\n797\n809\n811\n821\n823\n827\n829\n839\n853\n857\n859\n863\n877\n881\n883\n887\n907\n911\n919\n929\n937\n941\n947\n953\n967\n971\n977\n983\n991\n997",
        "1.out": "Yes\nYes\nYes\nYes\nYes\nYes\nYes\nYes\nYes\nYes\nYes\nYes\nYes\nYes\nYes\nYes\nYes\nYes\nYes\nYes\nYes\nYes\nYes\nYes\nYes\nYes\nYes\nYes\nYes\nYes\nYes\nYes\nYes\nYes\nYes\nYes\nYes\nYes\nYes\nYes\nYes\nYes\nYes\nYes\nYes\nYes\nYes\nYes\nYes\nYes\nYes\nYes\nYes\nYes\nYes\nYes\nYes\nYes\nYes\nYes\nYes\nYes\nYes\nYes\nYes\nYes\nYes\nYes\nYes\nYes\nYes\nYes\nYes\nYes\nYes\nYes\nYes\nYes\nYes\nYes\nYes\nYes\nYes\nYes\nYes\nYes\nYes\nYes\nYes\nYes\nYes\nYes\nYes\nYes\nYes\nYes\nYes\nYes\nYes\nYes\nYes\nYes\nYes\nYes\nYes\nYes\nYes\nYes\nYes\nYes\nYes\nYes\nYes\nYes\nYes\nYes\nYes\nYes\nYes\nYes\nYes\nYes\nYes\nYes\nYes\nYes\nYes\nYes\nYes\nYes\nYes\nYes\nYes\nYes\nYes\nYes\nYes\nYes\nYes\nYes\nYes\nYes\nYes\nYes\nYes\nYes\nYes\nYes\nYes\nYes\nYes\nYes\nYes\nYes\nYes\nYes\nYes\nYes\nYes\nYes\nYes\nYes\nYes\nYes\nYes\nYes\nYes\nYes\nYes\nYes\nYes\nYes\nYes\nYes\nYes\nYes\nYes\nYes\nYes\nYes\nYes\nYes\nYes\nYes\nYes\nYes\nYes\nYes\nYes\nYes\nYes\nYes\nYes\nYes\nYes\nYes\nYes\nYes\nYes\nYes\nYes\nYes\nYes\nYes\nYes\nYes\nYes\nYes\nYes\nYes\nYes\nYes\nYes\nYes\nYes\nYes\nYes\nYes\nYes\nYes\nYes\nYes\nYes\nYes\nYes\nYes\nYes\nYes\nYes\nYes\nYes\nYes\nYes\nYes\nYes\nYes\nYes\nYes\nYes\nYes\nYes\nYes\nYes\nYes\nYes\nYes\nYes\nYes\nYes\nYes\nYes\nYes\nYes\nYes\nYes\nYes\nYes\nYes\nYes\nYes\nYes\nYes\nYes\nYes\nYes\nYes\nYes\nYes\nYes\nYes\nYes\nYes\nYes\nYes\nYes\nYes\nYes\nYes\nYes\nYes\nYes\nYes\nYes\nYes\nYes\nYes\nYes\nYes\nYes\nYes\nYes\nYes\nYes\nYes\nYes\nYes\nYes\nYes\nYes\nYes\nYes\nYes\nYes\nYes\nYes\nYes\nYes\nYes\nYes\nYes\nYes\nYes\nYes\nYes\nYes\nYes\nYes\nYes\nYes\nYes\nYes\nYes\nYes\nYes\nYes\nYes\nYes\nYes\nYes\nYes\nYes\nYes\nYes\nYes\nYes\nYes\nYes\nYes\nYes\nYes\nYes\nYes\nYes\nYes\nYes\nYes\nYes\nYes\nYes\nYes\nYes\nYes\nYes\nYes\nYes\nYes\nYes\nYes\nYes\nYes\nYes\nYes\nYes\nYes\nYes\nYes\nYes\nYes\nYes\nYes\nYes\nYes\nYes\nYes\nYes\nYes\nYes\nYes\nYes\nYes\nYes\nYes\nYes\nYes\nYes\nYes\nYes\nYes\nYes\nYes\nYes\nYes\nYes\nYes\nYes\nYes\nYes\nYes\nYes\nYes\nYes\nYes\nYes\nYes\nYes\nYes\nYes\nYes\nYes\nYes\nYes\nYes\nYes\nYes\nYes\nYes\nYes\nYes\nYes\nYes\nYes\nYes\nYes\nYes\nYes\nYes\nYes\nYes\nYes\nYes\nYes\nYes\nYes\nYes\nYes\nYes\nYes\nYes\nYes\nYes\nYes\nYes\nYes\nYes\nYes\nYes\nYes\nYes\nYes\nYes\nYes\nYes\nYes\nYes\nYes\nYes\nYes\nYes\nYes\nYes\nYes\nYes\nYes\nYes\nYes\nYes\nYes\nYes\nYes\nYes\nYes\nYes\nYes\nYes\nYes\nYes\nYes\nYes\nYes\nYes\nYes\nYes\nYes\nYes\nYes\nYes\nYes\nYes\nYes\nYes\nYes\nYes\nYes\nYes\nYes\nYes\nYes\nYes\nYes\nYes\nYes\nYes\nYes\nYes\nYes\nYes\nYes\nYes\nYes\nYes\nYes\nYes\nYes\nYes\nYes\nYes\nYes\nYes\nYes\nYes\nYes\nYes\nYes\nYes\nYes\nYes\nYes\nYes\nYes\nYes\nYes\nYes\nYes\nYes\nYes\nYes\nYes\nYes\nYes\nYes\nYes\nYes\nYes\nYes\nYes\nYes\nYes\nYes\nYes\nYes\nYes\nYes\nYes\nYes\nYes\nYes\nYes\nYes\nYes\nYes\nYes\nYes\nYes\nYes\nYes\nYes\nYes\nYes\nYes\nYes\nYes\nYes\nYes\nYes\nYes\nYes\nYes\nYes\nYes\nYes\nYes\nYes\nYes\nYes\nYes\nYes\nYes\nYes\nYes\nYes\nYes\nYes\nYes\nYes\nYes\nYes\nYes\nYes\nYes\nYes\nYes\nYes\nYes\nYes\nYes\nYes\nYes\nYes\nYes\nYes\nYes\nYes\nYes\nYes\nYes\nYes\nYes\nYes\nYes\nYes\nYes\nYes\nYes\nYes\nYes\nYes\nYes\nYes\nYes\nYes\nYes\nYes\nYes\nYes\nYes\nYes\nYes\nYes\nYes\nYes\nYes\nYes\nYes\nYes\nYes\nYes\nYes\nYes\nYes\nYes\nYes\nYes\nYes\nYes\nYes\nYes\nYes\nYes\nYes\nYes\nYes\nYes\nYes\nYes\nYes\nYes\nYes\nYes\nYes\nYes\nYes\nYes\nYes\nYes\nYes\nYes\nYes\nYes\nYes\nYes\nYes\nYes\nYes\nYes\nYes\nYes\nYes\nYes\nYes\nYes\nYes\nYes\nYes\nYes\nYes\nYes\nYes\nYes\nYes\nYes\nYes\nYes\nYes\nYes\nYes\nYes\nYes\nYes\nYes\nYes\nYes\nYes\nYes\nYes\nYes\nYes\nYes\nYes\nYes\nYes\nYes\nYes\nYes\nYes\nYes\nYes\nYes\nYes\nYes\nYes\nYes\nYes\nYes\nYes\nYes\nYes\nYes\nYes\nYes\nYes\nYes\nYes\nYes\nYes\nYes\nYes\nYes\nYes\nYes\nYes\nYes\nYes\nYes\nYes\nYes\nYes\nYes\nYes\nYes\nYes\nYes\nYes\nYes\nYes\nYes\nYes\nYes\nYes\nYes\nYes\nYes\nYes\nYes\nYes\nYes\nYes\nYes\nYes\nYes\nYes\nYes\nYes\nYes\nYes\nYes\nYes\nYes\nYes\nYes\nYes\nYes\nYes\nYes\nYes\nYes\nYes\nYes\nYes\nYes\nYes\nYes\nYes\nYes\nYes\nYes\nYes\nYes\nYes\nYes\nYes\nYes\nYes\nYes\nYes\nYes\nYes\nYes\nYes\nYes\nYes\nYes\nYes\nYes\nYes\nYes\nYes\nYes\nYes\nYes\nYes\nYes\nYes\nYes\nYes\nYes\nYes\nYes\nYes\nYes\nYes\nYes\nYes\nYes\nYes\nYes\nYes\nYes\nYes\nYes\nYes\nYes\nYes\nYes\nYes\nYes\nYes\nYes\nYes\nYes\nYes\nYes\nYes\nYes\nYes\nYes\nYes\nYes\nYes\nYes\nYes\nYes\nYes\nYes\nYes\nYes\nYes\nYes\nYes\nYes\nYes\nYes\nYes\nYes\nYes\nYes\nYes\nYes\nYes\nYes\nYes\nYes\nYes\nYes\nYes\nYes\nYes\nYes\nYes\nYes\nYes\nYes\nYes\nYes\nYes\nYes\nYes\nYes\nYes\nYes\nYes\nYes\nYes\nYes\nYes\nYes\nYes\nYes\nYes\nYes\nYes\nYes\nYes\nYes\nYes\nYes\nYes\nYes\nYes\nYes\nYes\nYes\nYes\nYes\nYes\nYes\nYes\nYes\nYes\nYes\nYes\nYes\nYes\nYes\nYes\nYes\nYes\nYes\nYes\nYes\nYes\nYes\nYes\nYes\nYes\nYes\nYes\nYes\nYes\nYes\nYes\nYes\nYes\nYes\nYes\nYes\nYes\nYes\nYes\nYes\nYes\nYes\nYes\nYes\nYes\nYes\nYes\nYes\nYes\nYes\nYes\nYes\nYes\nYes\nYes\nYes\nYes\nYes\nYes\nYes\nYes\nYes\nYes\nYes\nYes\nYes\nYes\nYes\nYes\nYes\nYes\nYes\nYes\nYes\nYes\nYes\nYes\nYes\nYes\nYes\nYes\nYes\nYes\nYes\nYes\nYes\nYes\nYes\nYes\nYes\nYes\nYes\nYes\nYes\nYes\nYes\nYes\nYes\nYes\nYes\nYes\nYes\nYes\nYes\nYes\nYes\nYes\nYes\nYes\nYes\nYes\nYes\nYes\nYes\nYes\nYes\nYes\nYes\nYes\nYes\nYes\nYes\nYes\nYes\nYes\nYes\nYes\nYes\nYes\nYes\nYes\nYes\nYes\nYes\nYes\nYes\nYes\nYes\nYes\nYes\nYes\nYes\nYes\nYes\nYes\nYes\nYes\nYes\nYes\nYes\nYes\nYes\nYes\nYes\nYes\nYes\nYes\nYes\nYes\nYes\nYes\nYes\nYes\nYes\nYes\nYes\nYes\nYes\nYes\nYes\nYes\nYes\nYes\nYes\n
Unterminated string starting at: line 4 column 18 (char 810)
